build/app/outputs/mapping/release/mapping.txt
# compiler: R8
# compiler_version: 1.5.64
# min_api: 21
# pg_map_id: 13bd896
...
com.google.firebase.firestore.DocumentSnapshot -> com.google.firebase.firestore.i:
    com.google.firebase.firestore.FirebaseFirestore firestore -> a
    com.google.firebase.firestore.model.DocumentKey key -> b
    com.google.firebase.firestore.model.Document doc -> c
    com.google.firebase.firestore.SnapshotMetadata metadata -> d
    java.util.List convertArray(com.google.firebase.firestore.model.value.ArrayValue,com.google.firebase.firestore.DocumentSnapshot$FieldValueOptions) -> a
    java.util.Map convertObject(com.google.firebase.firestore.model.value.ObjectValue,com.google.firebase.firestore.DocumentSnapshot$FieldValueOptions) -> a
    java.lang.Object convertReference(com.google.firebase.firestore.model.value.ReferenceValue) -> a
    java.lang.Object convertServerTimestamp(com.google.firebase.firestore.model.value.ServerTimestampValue,com.google.firebase.firestore.DocumentSnapshot$FieldValueOptions) -> a
    java.lang.Object convertTimestamp(com.google.firebase.firestore.model.value.TimestampValue,com.google.firebase.firestore.DocumentSnapshot$FieldValueOptions) -> a
    java.lang.Object convertValue(com.google.firebase.firestore.model.value.FieldValue,com.google.firebase.firestore.DocumentSnapshot$FieldValueOptions) -> a
    boolean exists() -> a
    com.google.firebase.firestore.DocumentSnapshot fromDocument(com.google.firebase.firestore.FirebaseFirestore,com.google.firebase.firestore.model.Document,boolean,boolean) -> a
com.google.firebase.firestore.DocumentSnapshot$1 -> com.google.firebase.firestore.i$a:
    int[] $SwitchMap$com$google$firebase$firestore$DocumentSnapshot$ServerTimestampBehavior -> a
com.google.firebase.firestore.DocumentSnapshot$FieldValueOptions -> com.google.firebase.firestore.i$b:
    com.google.firebase.firestore.DocumentSnapshot$ServerTimestampBehavior serverTimestampBehavior -> a
    boolean timestampsInSnapshotsEnabled -> b
com.google.firebase.firestore.DocumentSnapshot$ServerTimestampBehavior -> com.google.firebase.firestore.i$c:
    com.google.firebase.firestore.DocumentSnapshot$ServerTimestampBehavior[] $VALUES -> f
    com.google.firebase.firestore.DocumentSnapshot$ServerTimestampBehavior NONE -> b
    com.google.firebase.firestore.DocumentSnapshot$ServerTimestampBehavior PREVIOUS -> d
    com.google.firebase.firestore.DocumentSnapshot$ServerTimestampBehavior ESTIMATE -> c
    com.google.firebase.firestore.DocumentSnapshot$ServerTimestampBehavior DEFAULT -> e
com.google.firebase.firestore.EventListener -> com.google.firebase.firestore.j:
    void onEvent(java.lang.Object,com.google.firebase.firestore.FirebaseFirestoreException) -> a
com.google.firebase.firestore.Exclude -> com.google.firebase.firestore.k:
com.google.firebase.firestore.FieldPath -> com.google.firebase.firestore.l:
    java.util.regex.Pattern RESERVED -> b
    com.google.firebase.firestore.FieldPath DOCUMENT_ID_INSTANCE -> c
    com.google.firebase.firestore.model.FieldPath internalPath -> a
    com.google.firebase.firestore.FieldPath fromDotSeparatedPath(java.lang.String) -> a
    com.google.firebase.firestore.model.FieldPath getInternalPath() -> a
    com.google.firebase.firestore.FieldPath of(java.lang.String[]) -> a
    com.google.firebase.firestore.FieldPath documentId() -> b
com.google.firebase.firestore.FieldValue -> com.google.firebase.firestore.m:
    com.google.firebase.firestore.FieldValue$DeleteFieldValue DELETE_INSTANCE -> a
    com.google.firebase.firestore.FieldValue$ServerTimestampFieldValue SERVER_TIMESTAMP_INSTANCE -> b
    com.google.firebase.firestore.FieldValue arrayRemove(java.lang.Object[]) -> a
    java.lang.String getMethodName() -> a
    com.google.firebase.firestore.FieldValue increment(double) -> a
    com.google.firebase.firestore.FieldValue increment(long) -> a
    com.google.firebase.firestore.FieldValue arrayUnion(java.lang.Object[]) -> b
    com.google.firebase.firestore.FieldValue delete() -> b
    com.google.firebase.firestore.FieldValue serverTimestamp() -> c